#
# There is insufficient memory for the Java Runtime Environment to continue.
# Native memory allocation (mmap) failed to map 257949696 bytes. Error detail: G1 virtual space
# Possible reasons:
#   The system is out of physical RAM or swap space
#   This process is running with CompressedOops enabled, and the Java Heap may be blocking the growth of the native heap
# Possible solutions:
#   Reduce memory load on the system
#   Increase physical memory or swap space
#   Check if swap backing store is full
#   Decrease Java heap size (-Xmx/-Xms)
#   Decrease number of Java threads
#   Decrease Java thread stack sizes (-Xss)
#   Set larger code cache with -XX:ReservedCodeCacheSize=
#   JVM is running with Zero Based Compressed Oops mode in which the Java heap is
#     placed in the first 32GB address space. The Java Heap base address is the
#     maximum limit for the native heap growth. Please use -XX:HeapBaseMinAddress
#     to set the Java Heap base and to place the Java Heap above 32GB virtual address.
# This output file may be truncated or incomplete.
#
#  Out of Memory Error (os_windows.cpp:3898), pid=2952, tid=19468
#
# JRE version:  (21.0.7) (build )
# Java VM: OpenJDK 64-Bit Server VM (21.0.7+-13880790-b1038.58, mixed mode, sharing, tiered, compressed oops, compressed class ptrs, g1 gc, windows-amd64)
# No core dump will be written. Minidumps are not enabled by default on client versions of Windows
#

---------------  S U M M A R Y ------------

Command Line: org.jetbrains.kotlin.cli.jvm.K2JVMCompiler @D:\lab3android\app\build\20251005_8494809465059522401.compiler.options

Host: AMD Ryzen 5 5500U with Radeon Graphics         , 12 cores, 15G,  Windows 11 , 64 bit Build 22621 (10.0.22621.3958)
Time: Sun Oct  5 19:08:09 2025 RTZ 2 (s 11 , 64 bit Build 22621 (10.0.22621.3958) elapsed time: 0.011209 seconds (0d 0h 0m 0s)

---------------  T H R E A D  ---------------

Current thread (0x000002c8e0410120):  JavaThread "Unknown thread" [_thread_in_vm, id=19468, stack(0x000000ca55200000,0x000000ca55300000) (1024K)]

Stack: [0x000000ca55200000,0x000000ca55300000]
Native frames: (J=compiled Java code, j=interpreted, Vv=VM code, C=native code)
V  [jvm.dll+0x6d25c9]
V  [jvm.dll+0x860923]
V  [jvm.dll+0x862e7e]
V  [jvm.dll+0x863563]
V  [jvm.dll+0x27f156]
V  [jvm.dll+0x6ceee5]
V  [jvm.dll+0x6c29aa]
V  [jvm.dll+0x355ebb]
V  [jvm.dll+0x35db16]
V  [jvm.dll+0x3afb16]
V  [jvm.dll+0x3afde8]
V  [jvm.dll+0x32855c]
V  [jvm.dll+0x32924b]
V  [jvm.dll+0x828379]
V  [jvm.dll+0x3bcce8]
V  [jvm.dll+0x811628]
V  [jvm.dll+0x45121e]
V  [jvm.dll+0x452981]
C  [jli.dll+0x52ab]
C  [ucrtbase.dll+0x29333]
C  [KERNEL32.DLL+0x1257d]
C  [ntdll.dll+0x5af28]


---------------  P R O C E S S  ---------------

Threads class SMR info:
_java_thread_list=0x00007ff8d7ee4888, length=0, elements={
}

Java Threads: ( => current thread )
Total: 0

Other Threads:
  0x000002c8e27fd630 WorkerThread "GC Thread#0"                     [id=16756, stack(0x000000ca55300000,0x000000ca55400000) (1024K)]
  0x000002c8e280dd00 ConcurrentGCThread "G1 Main Marker"            [id=28108, stack(0x000000ca55400000,0x000000ca55500000) (1024K)]
  0x000002c8e280efa0 WorkerThread "G1 Conc#0"                       [id=27316, stack(0x000000ca55500000,0x000000ca55600000) (1024K)]

[error occurred during error reporting (printing all threads), id 0xc0000005, EXCEPTION_ACCESS_VIOLATION (0xc0000005) at pc=0x00007ff8d76db5b7]
VM state: not at safepoint (not fully initialized)

VM Mutex/Monitor currently owned by a thread:  ([mutex/lock_event])
[0x00007ff8d7f51568] Heap_lock - owner thread: 0x000002c8e0410120

Heap address: 0x000000070a800000, size: 3928 MB, Compressed Oops mode: Zero based, Oop shift amount: 3

CDS archive(s) mapped at: [0x0000000000000000-0x0000000000000000-0x0000000000000000), size 0, SharedBaseAddress: 0x0000000800000000, ArchiveRelocationMode: 1.
Narrow klass base: 0x0000000000000000, Narrow klass shift: 0, Narrow klass range: 0x0

GC Precious Log:
 CardTable entry size: 512
 Card Set container configuration: InlinePtr #cards 4 size 8 Array Of Cards #cards 16 size 48 Howl #buckets 8 coarsen threshold 3686 Howl Bitmap #cards 512 size 80 coarsen threshold 460 Card regions per heap region 1 cards per card region 4096

Heap:
 garbage-first heap   total 0K, used 0K [0x000000070a800000, 0x0000000800000000)
  region size 2048K, 0 young (0K), 0 survivors (0K)
 Metaspace       used 0K, committed 0K, reserved 0K
  class space    used 0K, committed 0K, reserved 0K

Heap Regions: E=young(eden), S=young(survivor), O=old, HS=humongous(starts), HC=humongous(continues), CS=collection set, F=free, TAMS=top-at-mark-start, PB=parsable bottom

Card table byte_map: [0x000002c8f55f0000,0x000002c8f5da0000] _byte_map_base: 0x000002c8f1d9c000

Marking Bits: (CMBitMap*) 0x000002c8e27fdd30
 Bits: [0x000002c8f5da0000, 0x000002c8f9b00000)

GC Heap History (0 events):
No events

Dll operation events (1 events):
Event: 0.007 Loaded shared library D:\programms\Android Studio\programma\jbr\bin\java.dll

Deoptimization events (0 events):
No events

Classes loaded (0 events):
No events

Classes unloaded (0 events):
No events

Classes redefined (0 events):
No events

Internal exceptions (0 events):
No events

ZGC Phase Switch (0 events):
No events

VM Operations (0 events):
No events

Memory protections (0 events):
No events

Nmethod flushes (0 events):
No events

Events (0 events):
No events


Dynamic libraries:
0x00007ff71a4d0000 - 0x00007ff71a4da000 	D:\programms\Android Studio\programma\jbr\bin\java.exe
0x00007ff932430000 - 0x00007ff932647000 	C:\WINDOWS\SYSTEM32\ntdll.dll
0x00007ff930ea0000 - 0x00007ff930f64000 	C:\WINDOWS\System32\KERNEL32.DLL
0x00007ff92f8a0000 - 0x00007ff92fc4d000 	C:\WINDOWS\System32\KERNELBASE.dll
0x00007ff92fe60000 - 0x00007ff92ff71000 	C:\WINDOWS\System32\ucrtbase.dll
0x00007ff90b7d0000 - 0x00007ff90b7e8000 	D:\programms\Android Studio\programma\jbr\bin\jli.dll
0x00007ff9134d0000 - 0x00007ff9134eb000 	D:\programms\Android Studio\programma\jbr\bin\VCRUNTIME140.dll
0x00007ff931c50000 - 0x00007ff931dfe000 	C:\WINDOWS\System32\USER32.dll
0x00007ff92f870000 - 0x00007ff92f896000 	C:\WINDOWS\System32\win32u.dll
0x00007ff924a60000 - 0x00007ff924cf3000 	C:\WINDOWS\WinSxS\amd64_microsoft.windows.common-controls_6595b64144ccf1df_6.0.22621.3672_none_2713b9d173822955\COMCTL32.dll
0x00007ff931540000 - 0x00007ff931569000 	C:\WINDOWS\System32\GDI32.dll
0x00007ff9301a0000 - 0x00007ff930247000 	C:\WINDOWS\System32\msvcrt.dll
0x00007ff92f750000 - 0x00007ff92f869000 	C:\WINDOWS\System32\gdi32full.dll
0x00007ff92fc50000 - 0x00007ff92fcea000 	C:\WINDOWS\System32\msvcp_win.dll
0x00007ff932200000 - 0x00007ff932231000 	C:\WINDOWS\System32\IMM32.DLL
0x00007ff91ce80000 - 0x00007ff91ce8c000 	D:\programms\Android Studio\programma\jbr\bin\vcruntime140_1.dll
0x00007ff8dcf20000 - 0x00007ff8dcfad000 	D:\programms\Android Studio\programma\jbr\bin\msvcp140.dll
0x00007ff8d73a0000 - 0x00007ff8d802e000 	D:\programms\Android Studio\programma\jbr\bin\server\jvm.dll
0x00007ff9310e0000 - 0x00007ff931192000 	C:\WINDOWS\System32\ADVAPI32.dll
0x00007ff931430000 - 0x00007ff9314d9000 	C:\WINDOWS\System32\sechost.dll
0x00007ff92fe30000 - 0x00007ff92fe58000 	C:\WINDOWS\System32\bcrypt.dll
0x00007ff9302e0000 - 0x00007ff9303f4000 	C:\WINDOWS\System32\RPCRT4.dll
0x00007ff9313b0000 - 0x00007ff931421000 	C:\WINDOWS\System32\WS2_32.dll
0x00007ff92f560000 - 0x00007ff92f5ad000 	C:\WINDOWS\SYSTEM32\POWRPROF.dll
0x00007ff925d40000 - 0x00007ff925d4a000 	C:\WINDOWS\SYSTEM32\VERSION.dll
0x00007ff9295f0000 - 0x00007ff929624000 	C:\WINDOWS\SYSTEM32\WINMM.dll
0x00007ff92f440000 - 0x00007ff92f453000 	C:\WINDOWS\SYSTEM32\UMPDC.dll
0x00007ff92e780000 - 0x00007ff92e798000 	C:\WINDOWS\SYSTEM32\kernel.appcore.dll
0x00007ff91ce70000 - 0x00007ff91ce7a000 	D:\programms\Android Studio\programma\jbr\bin\jimage.dll
0x00007ff92cbb0000 - 0x00007ff92cde2000 	C:\WINDOWS\SYSTEM32\DBGHELP.DLL
0x00007ff931e60000 - 0x00007ff9321ed000 	C:\WINDOWS\System32\combase.dll
0x00007ff930450000 - 0x00007ff930527000 	C:\WINDOWS\System32\OLEAUT32.dll
0x00007ff920cf0000 - 0x00007ff920d22000 	C:\WINDOWS\SYSTEM32\dbgcore.DLL
0x00007ff92fcf0000 - 0x00007ff92fd6b000 	C:\WINDOWS\System32\bcryptPrimitives.dll
0x00007ff9134b0000 - 0x00007ff9134d0000 	D:\programms\Android Studio\programma\jbr\bin\java.dll

dbghelp: loaded successfully - version: 4.0.5 - missing functions: none
symbol engine: initialized successfully - sym options: 0x614 - pdb path: .;D:\programms\Android Studio\programma\jbr\bin;C:\WINDOWS\SYSTEM32;C:\WINDOWS\WinSxS\amd64_microsoft.windows.common-controls_6595b64144ccf1df_6.0.22621.3672_none_2713b9d173822955;D:\programms\Android Studio\programma\jbr\bin\server

VM Arguments:
java_command: org.jetbrains.kotlin.cli.jvm.K2JVMCompiler @D:\lab3android\app\build\20251005_8494809465059522401.compiler.options
java_class_path (initial): C:\Users\Вика\.gradle\caches\modules-2\files-2.1\org.jetbrains.kotlin\kotlin-compiler-embeddable\2.0.21\79346ed53db48b18312a472602eb5c057070c54d\kotlin-compiler-embeddable-2.0.21.jar;C:\Users\Вика\.gradle\caches\modules-2\files-2.1\org.jetbrains.kotlin\kotlin-stdlib\2.0.21\618b539767b4899b4660a83006e052b63f1db551\kotlin-stdlib-2.0.21.jar;C:\Users\Вика\.gradle\caches\modules-2\files-2.1\org.jetbrains.kotlin\kotlin-script-runtime\2.0.21\c9b044380ad41f89aa89aa896c2d32a8c0b2129d\kotlin-script-runtime-2.0.21.jar;C:\Users\Вика\.gradle\caches\modules-2\files-2.1\org.jetbrains.kotlin\kotlin-reflect\1.6.10\1cbe9c92c12a94eea200d23c2bbaedaf3daf5132\kotlin-reflect-1.6.10.jar;C:\Users\Вика\.gradle\caches\modules-2\files-2.1\org.jetbrains.kotlin\kotlin-daemon-embeddable\2.0.21\c9e933b23287de9b5a17e2116b4657bb91aea72c\kotlin-daemon-embeddable-2.0.21.jar;C:\Users\Вика\.gradle\caches\modules-2\files-2.1\org.jetbrains.intellij.deps\trove4j\1.0.20200330\3afb14d5f9ceb459d724e907a21145e8ff394f02\trove4j-1.0.20200330.jar;C:\Users\Вика\.gradle\caches\modules-2\files-2.1\org.jetbrains.kotlinx\kotlinx-coroutines-core-jvm\1.6.4\2c997cd1c0ef33f3e751d3831929aeff1390cb30\kotlinx-coroutines-core-jvm-1.6.4.jar;C:\Users\Вика\.gradle\caches\modules-2\files-2.1\org.jetbrains\annotations\13.0\919f0dfe192fb4e063e7dacadee7f8bb9a2672a9\annotations-13.0.jar
Launcher Type: SUN_STANDARD

[Global flags]
     intx CICompilerCount                          = 4                                         {product} {ergonomic}
     uint ConcGCThreads                            = 3                                         {product} {ergonomic}
     uint G1ConcRefinementThreads                  = 10                                        {product} {ergonomic}
   size_t G1HeapRegionSize                         = 2097152                                   {product} {ergonomic}
    uintx GCDrainStackTargetSize                   = 64                                        {product} {ergonomic}
   size_t InitialHeapSize                          = 257949696                                 {product} {ergonomic}
   size_t MarkStackSize                            = 4194304                                   {product} {ergonomic}
   size_t MaxHeapSize                              = 4118806528                                {product} {ergonomic}
   size_t MinHeapDeltaBytes                        = 2097152                                   {product} {ergonomic}
   size_t MinHeapSize                              = 8388608                                   {product} {ergonomic}
    uintx NonNMethodCodeHeapSize                   = 5839372                                {pd product} {ergonomic}
    uintx NonProfiledCodeHeapSize                  = 122909434                              {pd product} {ergonomic}
    uintx ProfiledCodeHeapSize                     = 122909434                              {pd product} {ergonomic}
    uintx ReservedCodeCacheSize                    = 251658240                              {pd product} {ergonomic}
     bool SegmentedCodeCache                       = true                                      {product} {ergonomic}
   size_t SoftMaxHeapSize                          = 4118806528                             {manageable} {ergonomic}
     bool UseCompressedOops                        = true                           {product lp64_product} {ergonomic}
     bool UseG1GC                                  = true                                      {product} {ergonomic}
     bool UseLargePagesIndividualAllocation        = false                                  {pd product} {ergonomic}

Logging:
Log output configuration:
 #0: stdout all=warning uptime,level,tags foldmultilines=false
 #1: stderr all=off uptime,level,tags foldmultilines=false

Environment Variables:
PATH=C:\Program Files\Common Files\Oracle\Java\javapath;C:\ProgramData\Oracle\Java\javapath;C:\WINDOWS\system32;C:\WINDOWS;C:\WINDOWS\System32\Wbem;C:\WINDOWS\System32\WindowsPowerShell\v1.0\;C:\WINDOWS\System32\OpenSSH\;D:\Уник\1 курс\ИТ в ПД\Git\cmd;C:\Program Files\dotnet\;C:\Program Files (x86)\Windows Kits\10\Windows Performance Toolkit\;C:\Program Files\Microsoft SQL Server\150\Tools\Binn\;C:\Program Files\Microsoft SQL Server\Client SDK\ODBC\170\Tools\Binn\;D:\programms\MPLAB\MPLAB C32 Suite\bin;D:\programms\MPLAB\MPLAB IDE\VDI;C:\Users\Вика\AppData\Local\Microsoft\WindowsApps;C:\Users\Вика\.dotnet\tools;D:\programms\Microsoft VS Code\bin;C:\iverilog\bin;C:\iverilog\gtkwave\bin;D:\programms\Git\cmd;C:\Program Files\MySQL\MySQL Server 8.0\bin\;
USERNAME=Вика
OS=Windows_NT
PROCESSOR_IDENTIFIER=AMD64 Family 23 Model 104 Stepping 1, AuthenticAMD
TMP=C:\Users\4600~1\AppData\Local\Temp
TEMP=C:\Users\4600~1\AppData\Local\Temp




Periodic native trim disabled

JNI global refs:
JNI global refs: 0, weak refs: 0

JNI global refs memory usage: 0, weak refs: 0

Process memory usage:
Resident Set Size: 12268K (0% of 16083516K total physical memory with 1925024K free physical memory)

OOME stack traces (most recent first):
Classloader memory used:

---------------  S Y S T E M  ---------------

OS:
 Windows 11 , 64 bit Build 22621 (10.0.22621.3958)
OS uptime: 6 days 8:22 hours

CPU: total 12 (initial active 12) (12 cores per cpu, 2 threads per core) family 23 model 104 stepping 1 microcode 0x0, cx8, cmov, fxsr, ht, mmx, 3dnowpref, sse, sse2, sse3, ssse3, sse4a, sse4.1, sse4.2, popcnt, lzcnt, tsc, tscinvbit, avx, avx2, aes, clmul, bmi1, bmi2, adx, sha, fma, vzeroupper, clflush, clflushopt, rdtscp, rdpid, f16c
Processor Information for processor 0
  Max Mhz: 2100, Current Mhz: 2100, Mhz Limit: 2100
Processor Information for processor 1
  Max Mhz: 2100, Current Mhz: 1813, Mhz Limit: 2100
Processor Information for processor 2
  Max Mhz: 2100, Current Mhz: 1813, Mhz Limit: 2100
Processor Information for processor 3
  Max Mhz: 2100, Current Mhz: 2100, Mhz Limit: 2100
Processor Information for processor 4
  Max Mhz: 2100, Current Mhz: 2100, Mhz Limit: 2100
Processor Information for processor 5
  Max Mhz: 2100, Current Mhz: 1813, Mhz Limit: 2100
Processor Information for processor 6
  Max Mhz: 2100, Current Mhz: 2100, Mhz Limit: 2100
Processor Information for processor 7
  Max Mhz: 2100, Current Mhz: 1813, Mhz Limit: 2100
Processor Information for processor 8
  Max Mhz: 2100, Current Mhz: 1813, Mhz Limit: 2100
Processor Information for processor 9
  Max Mhz: 2100, Current Mhz: 1813, Mhz Limit: 2100
Processor Information for processor 10
  Max Mhz: 2100, Current Mhz: 1813, Mhz Limit: 2100
Processor Information for processor 11
  Max Mhz: 2100, Current Mhz: 1813, Mhz Limit: 2100

Memory: 4k page, system-wide physical 15706M (1879M free)
TotalPageFile size 22017M (AvailPageFile size 232M)
current process WorkingSet (physical memory assigned to process): 12M, peak: 12M
current process commit charge ("private bytes"): 64M, peak: 310M

vm_info: OpenJDK 64-Bit Server VM (21.0.7+-13880790-b1038.58) for windows-amd64 JRE (21.0.7+-13880790-b1038.58), built on 2025-08-04T20:56:21Z by "builder" with MS VC++ 16.10 / 16.11 (VS2019)

END.
